<?xml version="1.0" encoding="UTF-8"?>
<!-- Generated by org.testng.reporters.JUnitReportReporter -->
<testsuite hostname="LAPTOP-UDU34NSP" failures="0" tests="1" name="stepDefination.TestRunner" time="19.448" errors="0" timestamp="2023-09-13T20:13:13 IST" skipped="0">
  <testcase classname="stepDefination.TestRunner" name="runScenario" time="19.448"/>
  <system-out/>
</testsuite> <!-- stepDefination.TestRunner -->
