<?xml version="1.0" encoding="UTF-8"?>
<!-- Generated by org.testng.reporters.JUnitReportReporter -->
<testsuite hostname="LAPTOP-UDU34NSP" failures="0" tests="1" name="runner.TestRunner" time="32.056" errors="0" timestamp="2023-09-15T11:01:10 IST" skipped="0">
  <testcase classname="runner.TestRunner" name="runScenario" time="32.056"/>
</testsuite> <!-- runner.TestRunner -->
